<?xml version="1.0" encoding="UTF-8"?>
<testng-results ignored="0" total="2" passed="2" failed="0" skipped="0">
  <reporter-output>
  </reporter-output>
  <suite started-at="2025-05-09T10:06:32 EDT" name="Suite" finished-at="2025-05-09T10:06:47 EDT" duration-ms="15073">
    <groups>
      <group name="Master">
        <method signature="TC001_AccountRegTest.verify_Account_Reg()[pri:0, instance:testCases.TC001_AccountRegTest@5ce8d869]" name="verify_Account_Reg" class="testCases.TC001_AccountRegTest"/>
        <method signature="TC002_LoginTest.verify_Login()[pri:0, instance:testCases.TC002_LoginTest@2f62ea70]" name="verify_Login" class="testCases.TC002_LoginTest"/>
      </group> <!-- Master -->
      <group name="Sanity">
        <method signature="TC002_LoginTest.verify_Login()[pri:0, instance:testCases.TC002_LoginTest@2f62ea70]" name="verify_Login" class="testCases.TC002_LoginTest"/>
      </group> <!-- Sanity -->
      <group name="Regression">
        <method signature="TC001_AccountRegTest.verify_Account_Reg()[pri:0, instance:testCases.TC001_AccountRegTest@5ce8d869]" name="verify_Account_Reg" class="testCases.TC001_AccountRegTest"/>
      </group> <!-- Regression -->
    </groups>
    <test started-at="2025-05-09T10:06:32 EDT" name="Test" finished-at="2025-05-09T10:06:47 EDT" duration-ms="15073">
      <class name="testCases.TC002_LoginTest">
        <test-method is-config="true" signature="setup(java.lang.String,java.lang.String)[pri:0, instance:testCases.TC002_LoginTest@2f62ea70]" started-at="2025-05-09T10:06:41 EDT" name="setup" finished-at="2025-05-09T10:06:44 EDT" duration-ms="3803" status="PASS">
          <params>
            <param index="0">
              <value>
                <![CDATA[Windows]]>
              </value>
            </param>
            <param index="1">
              <value>
                <![CDATA[chrome]]>
              </value>
            </param>
          </params>
          <reporter-output>
          </reporter-output>
        </test-method> <!-- setup -->
        <test-method signature="verify_Login()[pri:0, instance:testCases.TC002_LoginTest@2f62ea70]" started-at="2025-05-09T10:06:44 EDT" name="verify_Login" finished-at="2025-05-09T10:06:46 EDT" duration-ms="2015" status="PASS">
          <reporter-output>
          </reporter-output>
        </test-method> <!-- verify_Login -->
        <test-method is-config="true" signature="tearDown()[pri:0, instance:testCases.TC002_LoginTest@2f62ea70]" started-at="2025-05-09T10:06:46 EDT" name="tearDown" finished-at="2025-05-09T10:06:47 EDT" duration-ms="175" status="PASS">
          <reporter-output>
          </reporter-output>
        </test-method> <!-- tearDown -->
      </class> <!-- testCases.TC002_LoginTest -->
      <class name="testCases.TC001_AccountRegTest">
        <test-method is-config="true" signature="setup(java.lang.String,java.lang.String)[pri:0, instance:testCases.TC001_AccountRegTest@5ce8d869]" started-at="2025-05-09T10:06:32 EDT" name="setup" finished-at="2025-05-09T10:06:37 EDT" duration-ms="4788" status="PASS">
          <params>
            <param index="0">
              <value>
                <![CDATA[Windows]]>
              </value>
            </param>
            <param index="1">
              <value>
                <![CDATA[chrome]]>
              </value>
            </param>
          </params>
          <reporter-output>
          </reporter-output>
        </test-method> <!-- setup -->
        <test-method signature="verify_Account_Reg()[pri:0, instance:testCases.TC001_AccountRegTest@5ce8d869]" started-at="2025-05-09T10:06:37 EDT" name="verify_Account_Reg" finished-at="2025-05-09T10:06:40 EDT" duration-ms="3750" status="PASS">
          <reporter-output>
          </reporter-output>
        </test-method> <!-- verify_Account_Reg -->
        <test-method is-config="true" signature="tearDown()[pri:0, instance:testCases.TC001_AccountRegTest@5ce8d869]" started-at="2025-05-09T10:06:40 EDT" name="tearDown" finished-at="2025-05-09T10:06:41 EDT" duration-ms="173" status="PASS">
          <reporter-output>
          </reporter-output>
        </test-method> <!-- tearDown -->
      </class> <!-- testCases.TC001_AccountRegTest -->
    </test> <!-- Test -->
  </suite> <!-- Suite -->
</testng-results>
