<?xml version="1.0" encoding="UTF-8"?>
<testng-results ignored="0" total="2" passed="2" failed="0" skipped="0">
  <reporter-output>
  </reporter-output>
  <suite started-at="2025-05-13T17:57:31 EDT" name="Suite" finished-at="2025-05-13T17:57:46 EDT" duration-ms="15021">
    <groups>
      <group name="Master">
        <method signature="TC001_AccountRegTest.verify_Account_Reg()[pri:0, instance:testCases.TC001_AccountRegTest@3f792b9b]" name="verify_Account_Reg" class="testCases.TC001_AccountRegTest"/>
        <method signature="TC002_LoginTest.verify_Login()[pri:0, instance:testCases.TC002_LoginTest@4da602fc]" name="verify_Login" class="testCases.TC002_LoginTest"/>
      </group> <!-- Master -->
      <group name="Sanity">
        <method signature="TC002_LoginTest.verify_Login()[pri:0, instance:testCases.TC002_LoginTest@4da602fc]" name="verify_Login" class="testCases.TC002_LoginTest"/>
      </group> <!-- Sanity -->
      <group name="Regression">
        <method signature="TC001_AccountRegTest.verify_Account_Reg()[pri:0, instance:testCases.TC001_AccountRegTest@3f792b9b]" name="verify_Account_Reg" class="testCases.TC001_AccountRegTest"/>
      </group> <!-- Regression -->
    </groups>
    <test started-at="2025-05-13T17:57:31 EDT" name="Test" finished-at="2025-05-13T17:57:46 EDT" duration-ms="15021">
      <class name="testCases.TC002_LoginTest">
        <test-method is-config="true" signature="setup(java.lang.String,java.lang.String)[pri:0, instance:testCases.TC002_LoginTest@4da602fc]" started-at="2025-05-13T17:57:39 EDT" name="setup" finished-at="2025-05-13T17:57:43 EDT" duration-ms="3734" status="PASS">
          <params>
            <param index="0">
              <value>
                <![CDATA[Windows]]>
              </value>
            </param>
            <param index="1">
              <value>
                <![CDATA[chrome]]>
              </value>
            </param>
          </params>
          <reporter-output>
          </reporter-output>
        </test-method> <!-- setup -->
        <test-method signature="verify_Login()[pri:0, instance:testCases.TC002_LoginTest@4da602fc]" started-at="2025-05-13T17:57:43 EDT" name="verify_Login" finished-at="2025-05-13T17:57:45 EDT" duration-ms="2128" status="PASS">
          <reporter-output>
          </reporter-output>
        </test-method> <!-- verify_Login -->
        <test-method is-config="true" signature="tearDown()[pri:0, instance:testCases.TC002_LoginTest@4da602fc]" started-at="2025-05-13T17:57:45 EDT" name="tearDown" finished-at="2025-05-13T17:57:46 EDT" duration-ms="194" status="PASS">
          <reporter-output>
          </reporter-output>
        </test-method> <!-- tearDown -->
      </class> <!-- testCases.TC002_LoginTest -->
      <class name="testCases.TC001_AccountRegTest">
        <test-method is-config="true" signature="setup(java.lang.String,java.lang.String)[pri:0, instance:testCases.TC001_AccountRegTest@3f792b9b]" started-at="2025-05-13T17:57:31 EDT" name="setup" finished-at="2025-05-13T17:57:36 EDT" duration-ms="5095" status="PASS">
          <params>
            <param index="0">
              <value>
                <![CDATA[Windows]]>
              </value>
            </param>
            <param index="1">
              <value>
                <![CDATA[chrome]]>
              </value>
            </param>
          </params>
          <reporter-output>
          </reporter-output>
        </test-method> <!-- setup -->
        <test-method signature="verify_Account_Reg()[pri:0, instance:testCases.TC001_AccountRegTest@3f792b9b]" started-at="2025-05-13T17:57:36 EDT" name="verify_Account_Reg" finished-at="2025-05-13T17:57:39 EDT" duration-ms="3092" status="PASS">
          <reporter-output>
          </reporter-output>
        </test-method> <!-- verify_Account_Reg -->
        <test-method is-config="true" signature="tearDown()[pri:0, instance:testCases.TC001_AccountRegTest@3f792b9b]" started-at="2025-05-13T17:57:39 EDT" name="tearDown" finished-at="2025-05-13T17:57:39 EDT" duration-ms="297" status="PASS">
          <reporter-output>
          </reporter-output>
        </test-method> <!-- tearDown -->
      </class> <!-- testCases.TC001_AccountRegTest -->
    </test> <!-- Test -->
  </suite> <!-- Suite -->
</testng-results>
